focal_from_exif: 0.041482925415
detect_features: 0.0191149711609
match_features: 2.71127414703
create_tracks: 0.164374113083
reconstruct: 0.533779144287
mesh: 0.411036014557
focal_from_exif: 15.6258859634
detect_features: 0.0191578865051
match_features: 2.70556092262
create_tracks: 0.169624090195
reconstruct: 0.543285131454
mesh: 0.432803869247
focal_from_exif: 15.408960104
detect_features: 0.0188119411469
match_features: 2.61084508896
create_tracks: 0.17170715332
reconstruct: 0.53960108757
mesh: 0.442002058029
focal_from_exif: 15.3908770084
detect_features: 0.0195319652557
match_features: 2.57367491722
create_tracks: 0.169404029846
reconstruct: 0.554097890854
mesh: 0.432315826416
focal_from_exif: 15.3542478085
detect_features: 0.0200591087341
match_features: 2.622194767
create_tracks: 0.168057918549
reconstruct: 0.567757844925
mesh: 0.432579040527
focal_from_exif: 16.4821710587
detect_features: 0.13596200943
match_features: 3.19301104546
create_tracks: 0.175134897232
reconstruct: 0.835826873779
mesh: 0.490472793579
