focal_from_exif: 30.5824589729
detect_features: 54.9725530148
match_features: 192.67450881
create_tracks: 0.543822050095
reconstruct: 0.240600824356
focal_from_exif: 32.3128991127
detect_features: 35.7535500526
match_features: 555.2017591
create_tracks: 0.377785205841
reconstruct: 0.0395219326019
focal_from_exif: 30.7498319149
detect_features: 0.00126314163208
match_features: 152.079214096
create_tracks: 0.50984787941
reconstruct: 0.609574079514
mesh: 0.293451070786
focal_from_exif: 32.0224230289
detect_features: 0.0012640953064
match_features: 110.514008999
create_tracks: 0.508710861206
reconstruct: 0.956028938293
mesh: 0.454319953918
